<?xml version="1.0" encoding="UTF-8"?>
<!-- Generated by org.testng.reporters.JUnitReportReporter -->
<testsuite hostname="zoro" name="br.com.compiler.compiler.CompilerTest" tests="46" failures="0" timestamp="20 Sep 2015 18:52:26 GMT" time="2.472" errors="0">
  <testcase name="runningCode_outputsExpectedText" time="0.067" classname="br.com.compiler.compiler.CompilerTest"/>
  <testcase name="runningCode_outputsExpectedText" time="0.052" classname="br.com.compiler.compiler.CompilerTest"/>
  <testcase name="runningCode_outputsExpectedText" time="0.058" classname="br.com.compiler.compiler.CompilerTest"/>
  <testcase name="compilingCode_throwsVariableAlreadyDefinedException_whenDefiningAlreadyDefinedVariable" time="0.001" classname="br.com.compiler.compiler.CompilerTest"/>
  <testcase name="runningCode_outputsExpectedText" time="0.057" classname="br.com.compiler.compiler.CompilerTest"/>
  <testcase name="compilingCode_throwsFunctionAlreadyDefinedException_whenDefiningFunctionTwice" time="0.086" classname="br.com.compiler.compiler.CompilerTest"/>
  <testcase name="runningCode_outputsExpectedText" time="0.057" classname="br.com.compiler.compiler.CompilerTest"/>
  <testcase name="compilingCode_throwsUndeclaredVariableException_ifWritingUndefinedVariable" time="0.002" classname="br.com.compiler.compiler.CompilerTest"/>
  <testcase name="compilingCode_throwsUndeclaredVariableException_ifReadingUndefinedVariable" time="0.007" classname="br.com.compiler.compiler.CompilerTest"/>
  <testcase name="runningCode_outputsExpectedText" time="0.048" classname="br.com.compiler.compiler.CompilerTest"/>
  <testcase name="runningCode_outputsExpectedText" time="0.053" classname="br.com.compiler.compiler.CompilerTest"/>
  <testcase name="runningCode_outputsExpectedText" time="0.086" classname="br.com.compiler.compiler.CompilerTest"/>
  <testcase name="runningCode_outputsExpectedText" time="0.067" classname="br.com.compiler.compiler.CompilerTest"/>
  <testcase name="runningCode_outputsExpectedText" time="0.053" classname="br.com.compiler.compiler.CompilerTest"/>
  <testcase name="runningCode_outputsExpectedText" time="0.054" classname="br.com.compiler.compiler.CompilerTest"/>
  <testcase name="runningCode_outputsExpectedText" time="0.057" classname="br.com.compiler.compiler.CompilerTest"/>
  <testcase name="runningCode_outputsExpectedText" time="0.052" classname="br.com.compiler.compiler.CompilerTest"/>
  <testcase name="runningCode_outputsExpectedText" time="0.050" classname="br.com.compiler.compiler.CompilerTest"/>
  <testcase name="runningCode_outputsExpectedText" time="0.051" classname="br.com.compiler.compiler.CompilerTest"/>
  <testcase name="runningCode_outputsExpectedText" time="0.105" classname="br.com.compiler.compiler.CompilerTest"/>
  <testcase name="runningCode_outputsExpectedText" time="0.060" classname="br.com.compiler.compiler.CompilerTest"/>
  <testcase name="runningCode_outputsExpectedText" time="0.059" classname="br.com.compiler.compiler.CompilerTest"/>
  <testcase name="runningCode_outputsExpectedText" time="0.062" classname="br.com.compiler.compiler.CompilerTest"/>
  <testcase name="runningCode_outputsExpectedText" time="0.052" classname="br.com.compiler.compiler.CompilerTest"/>
  <testcase name="runningCode_outputsExpectedText" time="0.054" classname="br.com.compiler.compiler.CompilerTest"/>
  <testcase name="runningCode_outputsExpectedText" time="0.065" classname="br.com.compiler.compiler.CompilerTest"/>
  <testcase name="runningCode_outputsExpectedText" time="0.051" classname="br.com.compiler.compiler.CompilerTest"/>
  <testcase name="runningCode_outputsExpectedText" time="0.051" classname="br.com.compiler.compiler.CompilerTest"/>
  <testcase name="runningCode_outputsExpectedText" time="0.056" classname="br.com.compiler.compiler.CompilerTest"/>
  <testcase name="runningCode_outputsExpectedText" time="0.052" classname="br.com.compiler.compiler.CompilerTest"/>
  <testcase name="runningCode_outputsExpectedText" time="0.050" classname="br.com.compiler.compiler.CompilerTest"/>
  <testcase name="runningCode_outputsExpectedText" time="0.057" classname="br.com.compiler.compiler.CompilerTest"/>
  <testcase name="runningCode_outputsExpectedText" time="0.051" classname="br.com.compiler.compiler.CompilerTest"/>
  <testcase name="runningCode_outputsExpectedText" time="0.049" classname="br.com.compiler.compiler.CompilerTest"/>
  <testcase name="runningCode_outputsExpectedText" time="0.070" classname="br.com.compiler.compiler.CompilerTest"/>
  <testcase name="runningCode_outputsExpectedText" time="0.068" classname="br.com.compiler.compiler.CompilerTest"/>
  <testcase name="runningCode_outputsExpectedText" time="0.057" classname="br.com.compiler.compiler.CompilerTest"/>
  <testcase name="runningCode_outputsExpectedText" time="0.069" classname="br.com.compiler.compiler.CompilerTest"/>
  <testcase name="runningCode_outputsExpectedText" time="0.061" classname="br.com.compiler.compiler.CompilerTest"/>
  <testcase name="runningCode_outputsExpectedText" time="0.053" classname="br.com.compiler.compiler.CompilerTest"/>
  <testcase name="runningCode_outputsExpectedText" time="0.051" classname="br.com.compiler.compiler.CompilerTest"/>
  <testcase name="runningCode_outputsExpectedText" time="0.049" classname="br.com.compiler.compiler.CompilerTest"/>
  <testcase name="runningCode_outputsExpectedText" time="0.053" classname="br.com.compiler.compiler.CompilerTest"/>
  <testcase name="runningCode_outputsExpectedText" time="0.055" classname="br.com.compiler.compiler.CompilerTest"/>
  <testcase name="compilingCode_throwsUndefinedFunctionException_whenCallingUndefinedFunction" time="0.002" classname="br.com.compiler.compiler.CompilerTest"/>
  <testcase name="runningCode_outputsExpectedText" time="0.052" classname="br.com.compiler.compiler.CompilerTest"/>
</testsuite> <!-- br.com.compiler.compiler.CompilerTest -->
