<?xml version="1.0" encoding="UTF-8"?>
<!-- Generated by org.testng.reporters.JUnitReportReporter -->
<testsuite hostname="zoro" name="br.com.compiler.compiler.CompilerTest" tests="45" failures="0" timestamp="20 Sep 2015 15:28:16 GMT" time="2.501" errors="0">
  <testcase name="runningCode_outputsExpectedText" time="0.068" classname="br.com.compiler.compiler.CompilerTest"/>
  <testcase name="runningCode_outputsExpectedText" time="0.066" classname="br.com.compiler.compiler.CompilerTest"/>
  <testcase name="runningCode_outputsExpectedText" time="0.053" classname="br.com.compiler.compiler.CompilerTest"/>
  <testcase name="compilingCode_throwsUndefinedFunctionException_whenCallingUndefinedFunction" time="0.003" classname="br.com.compiler.compiler.CompilerTest"/>
  <testcase name="runningCode_outputsExpectedText" time="0.052" classname="br.com.compiler.compiler.CompilerTest"/>
  <testcase name="runningCode_outputsExpectedText" time="0.053" classname="br.com.compiler.compiler.CompilerTest"/>
  <testcase name="runningCode_outputsExpectedText" time="0.053" classname="br.com.compiler.compiler.CompilerTest"/>
  <testcase name="runningCode_outputsExpectedText" time="0.049" classname="br.com.compiler.compiler.CompilerTest"/>
  <testcase name="runningCode_outputsExpectedText" time="0.062" classname="br.com.compiler.compiler.CompilerTest"/>
  <testcase name="runningCode_outputsExpectedText" time="0.049" classname="br.com.compiler.compiler.CompilerTest"/>
  <testcase name="runningCode_outputsExpectedText" time="0.048" classname="br.com.compiler.compiler.CompilerTest"/>
  <testcase name="runningCode_outputsExpectedText" time="0.094" classname="br.com.compiler.compiler.CompilerTest"/>
  <testcase name="runningCode_outputsExpectedText" time="0.062" classname="br.com.compiler.compiler.CompilerTest"/>
  <testcase name="compilingCode_throwsUndeclaredVariableException_ifWritingUndefinedVariable" time="0.002" classname="br.com.compiler.compiler.CompilerTest"/>
  <testcase name="runningCode_outputsExpectedText" time="0.079" classname="br.com.compiler.compiler.CompilerTest"/>
  <testcase name="runningCode_outputsExpectedText" time="0.078" classname="br.com.compiler.compiler.CompilerTest"/>
  <testcase name="runningCode_outputsExpectedText" time="0.079" classname="br.com.compiler.compiler.CompilerTest"/>
  <testcase name="runningCode_outputsExpectedText" time="0.050" classname="br.com.compiler.compiler.CompilerTest"/>
  <testcase name="runningCode_outputsExpectedText" time="0.056" classname="br.com.compiler.compiler.CompilerTest"/>
  <testcase name="runningCode_outputsExpectedText" time="0.069" classname="br.com.compiler.compiler.CompilerTest"/>
  <testcase name="runningCode_outputsExpectedText" time="0.049" classname="br.com.compiler.compiler.CompilerTest"/>
  <testcase name="runningCode_outputsExpectedText" time="0.059" classname="br.com.compiler.compiler.CompilerTest"/>
  <testcase name="runningCode_outputsExpectedText" time="0.062" classname="br.com.compiler.compiler.CompilerTest"/>
  <testcase name="runningCode_outputsExpectedText" time="0.053" classname="br.com.compiler.compiler.CompilerTest"/>
  <testcase name="compilingCode_throwsVariableAlreadyDefinedException_whenDefiningAlreadyDefinedVariable" time="0.001" classname="br.com.compiler.compiler.CompilerTest"/>
  <testcase name="runningCode_outputsExpectedText" time="0.054" classname="br.com.compiler.compiler.CompilerTest"/>
  <testcase name="runningCode_outputsExpectedText" time="0.054" classname="br.com.compiler.compiler.CompilerTest"/>
  <testcase name="runningCode_outputsExpectedText" time="0.047" classname="br.com.compiler.compiler.CompilerTest"/>
  <testcase name="runningCode_outputsExpectedText" time="0.049" classname="br.com.compiler.compiler.CompilerTest"/>
  <testcase name="runningCode_outputsExpectedText" time="0.062" classname="br.com.compiler.compiler.CompilerTest"/>
  <testcase name="runningCode_outputsExpectedText" time="0.058" classname="br.com.compiler.compiler.CompilerTest"/>
  <testcase name="runningCode_outputsExpectedText" time="0.062" classname="br.com.compiler.compiler.CompilerTest"/>
  <testcase name="runningCode_outputsExpectedText" time="0.056" classname="br.com.compiler.compiler.CompilerTest"/>
  <testcase name="runningCode_outputsExpectedText" time="0.052" classname="br.com.compiler.compiler.CompilerTest"/>
  <testcase name="runningCode_outputsExpectedText" time="0.069" classname="br.com.compiler.compiler.CompilerTest"/>
  <testcase name="runningCode_outputsExpectedText" time="0.069" classname="br.com.compiler.compiler.CompilerTest"/>
  <testcase name="compilingCode_throwsFunctionAlreadyDefinedException_whenDefiningFunctionTwice" time="0.079" classname="br.com.compiler.compiler.CompilerTest"/>
  <testcase name="runningCode_outputsExpectedText" time="0.058" classname="br.com.compiler.compiler.CompilerTest"/>
  <testcase name="runningCode_outputsExpectedText" time="0.049" classname="br.com.compiler.compiler.CompilerTest"/>
  <testcase name="runningCode_outputsExpectedText" time="0.080" classname="br.com.compiler.compiler.CompilerTest"/>
  <testcase name="runningCode_outputsExpectedText" time="0.056" classname="br.com.compiler.compiler.CompilerTest"/>
  <testcase name="runningCode_outputsExpectedText" time="0.067" classname="br.com.compiler.compiler.CompilerTest"/>
  <testcase name="compilingCode_throwsUndeclaredVariableException_ifReadingUndefinedVariable" time="0.007" classname="br.com.compiler.compiler.CompilerTest"/>
  <testcase name="runningCode_outputsExpectedText" time="0.049" classname="br.com.compiler.compiler.CompilerTest"/>
  <testcase name="runningCode_outputsExpectedText" time="0.075" classname="br.com.compiler.compiler.CompilerTest"/>
</testsuite> <!-- br.com.compiler.compiler.CompilerTest -->
